--------------------------------------------------
len: 4
header: 24c0 0010
('message length: ', 16)
received: 24c0 0010 96c9 aada ffff 0000 fa2a 0d0a
-------------------------------------------------------------
Bytes: 24c0 0010 96c9 aada ffff 0000 fa2a 0d0a
Mode:  Command
Type:  Version
Valid: True
Header:
    Start Byte: 36
    Command: 192
    Packet Length: 16
    Session Time: 2529798874
    Password: 65535
Payload: None
-------------------------------------------------------------

****************************************
{'bytes': '24c0 0010 96c9 aada ffff 0000 fa2a 0d0a',
 'header': {'cmdByte': 192,
            'packetLength': 16,
            'password': 65535,
            'sessionTime': 2529798874,
            'startByte': 36},
 'payload': {}}
****************************************
--------------------------------------------------
--------------------------------------------------
len: 4
header: 24c2 0010
('message length: ', 16)
received: 24c2 0010 96c9 aada 0457 0000 fbcb 0d0a
-------------------------------------------------------------
Bytes: 24c2 0010 96c9 aada 0457 0000 fbcb 0d0a
Mode:  Command
Type:  Model Name
Valid: True
Header:
    Start Byte: 36
    Command: 194
    Packet Length: 16
    Session Time: 2529798874
    Password: 1111
Payload: None
-------------------------------------------------------------

****************************************
{'bytes': '24c2 0010 96c9 aada 0457 0000 fbcb 0d0a',
 'header': {'cmdByte': 194,
            'packetLength': 16,
            'password': 1111,
            'sessionTime': 2529798874,
            'startByte': 36},
 'payload': {}}
****************************************
--------------------------------------------------
No data, closing client
--------------------------------------------------
len: 4
header: 24c4 0014
('message length: ', 20)
received: 24c4 0014 96c9 aada 0457 0000 0000 0001 fbc4 0d0a
-------------------------------------------------------------
Bytes: 24c4 0014 96c9 aada 0457 0000 0000 0001 fbc4 0d0a
Mode:  Command
Type:  Pre Print
Valid: True
Header:
    Start Byte: 36
    Command: 196
    Packet Length: 20
    Session Time: 2529798874
    Password: 1111
Payload:
    cmdNumber : 1
-------------------------------------------------------------

****************************************
{'bytes': '24c4 0014 96c9 aada 0457 0000 0000 0001 fbc4 0d0a',
 'header': {'cmdByte': 196,
            'packetLength': 20,
            'password': 1111,
            'sessionTime': 2529798874,
            'startByte': 36},
 'payload': {'cmdNumber': 1}}
****************************************
--------------------------------------------------
--------------------------------------------------
len: 4
header: 24c4 0014
('message length: ', 20)
received: 24c4 0014 96c9 aada 0457 0000 0000 0002 fbc3 0d0a
-------------------------------------------------------------
Bytes: 24c4 0014 96c9 aada 0457 0000 0000 0002 fbc3 0d0a
Mode:  Command
Type:  Pre Print
Valid: True
Header:
    Start Byte: 36
    Command: 196
    Packet Length: 20
    Session Time: 2529798874
    Password: 1111
Payload:
    cmdNumber : 2
-------------------------------------------------------------

****************************************
{'bytes': '24c4 0014 96c9 aada 0457 0000 0000 0002 fbc3 0d0a',
 'header': {'cmdByte': 196,
            'packetLength': 20,
            'password': 1111,
            'sessionTime': 2529798874,
            'startByte': 36},
 'payload': {'cmdNumber': 2}}
****************************************
--------------------------------------------------
--------------------------------------------------
len: 4
header: 24c4 0014
('message length: ', 20)
received: 24c4 0014 96c9 aada 0457 0000 0000 0003 fbc2 0d0a
-------------------------------------------------------------
Bytes: 24c4 0014 96c9 aada 0457 0000 0000 0003 fbc2 0d0a
Mode:  Command
Type:  Pre Print
Valid: True
Header:
    Start Byte: 36
    Command: 196
    Packet Length: 20
    Session Time: 2529798874
    Password: 1111
Payload:
    cmdNumber : 3
-------------------------------------------------------------

****************************************
{'bytes': '24c4 0014 96c9 aada 0457 0000 0000 0003 fbc2 0d0a',
 'header': {'cmdByte': 196,
            'packetLength': 20,
            'password': 1111,
            'sessionTime': 2529798874,
            'startByte': 36},
 'payload': {'cmdNumber': 3}}
****************************************
--------------------------------------------------
--------------------------------------------------
len: 4
header: 24c4 0014
('message length: ', 20)
received: 24c4 0014 96c9 aada 0457 0000 0000 0004 fbc1 0d0a
-------------------------------------------------------------
Bytes: 24c4 0014 96c9 aada 0457 0000 0000 0004 fbc1 0d0a
Mode:  Command
Type:  Pre Print
Valid: True
Header:
    Start Byte: 36
    Command: 196
    Packet Length: 20
    Session Time: 2529798874
    Password: 1111
Payload:
    cmdNumber : 4
-------------------------------------------------------------

****************************************
{'bytes': '24c4 0014 96c9 aada 0457 0000 0000 0004 fbc1 0d0a',
 'header': {'cmdByte': 196,
            'packetLength': 20,
            'password': 1111,
            'sessionTime': 2529798874,
            'startByte': 36},
 'payload': {'cmdNumber': 4}}
****************************************
--------------------------------------------------
--------------------------------------------------
len: 4
header: 24c4 0014
('message length: ', 20)
received: 24c4 0014 96c9 aada 0457 0000 0000 0005 fbc0 0d0a
-------------------------------------------------------------
Bytes: 24c4 0014 96c9 aada 0457 0000 0000 0005 fbc0 0d0a
Mode:  Command
Type:  Pre Print
Valid: True
Header:
    Start Byte: 36
    Command: 196
    Packet Length: 20
    Session Time: 2529798874
    Password: 1111
Payload:
    cmdNumber : 5
-------------------------------------------------------------

****************************************
{'bytes': '24c4 0014 96c9 aada 0457 0000 0000 0005 fbc0 0d0a',
 'header': {'cmdByte': 196,
            'packetLength': 20,
            'password': 1111,
            'sessionTime': 2529798874,
            'startByte': 36},
 'payload': {'cmdNumber': 5}}
****************************************
--------------------------------------------------
--------------------------------------------------
len: 4
header: 24c4 0014
('message length: ', 20)
received: 24c4 0014 96c9 aada 0457 0000 0000 0006 fbbf 0d0a
-------------------------------------------------------------
Bytes: 24c4 0014 96c9 aada 0457 0000 0000 0006 fbbf 0d0a
Mode:  Command
Type:  Pre Print
Valid: True
Header:
    Start Byte: 36
    Command: 196
    Packet Length: 20
    Session Time: 2529798874
    Password: 1111
Payload:
    cmdNumber : 6
-------------------------------------------------------------

****************************************
{'bytes': '24c4 0014 96c9 aada 0457 0000 0000 0006 fbbf 0d0a',
 'header': {'cmdByte': 196,
            'packetLength': 20,
            'password': 1111,
            'sessionTime': 2529798874,
            'startByte': 36},
 'payload': {'cmdNumber': 6}}
****************************************
--------------------------------------------------
--------------------------------------------------
len: 4
header: 24c4 0014
('message length: ', 20)
received: 24c4 0014 96c9 aada 0457 0000 0000 0007 fbbe 0d0a
-------------------------------------------------------------
Bytes: 24c4 0014 96c9 aada 0457 0000 0000 0007 fbbe 0d0a
Mode:  Command
Type:  Pre Print
Valid: True
Header:
    Start Byte: 36
    Command: 196
    Packet Length: 20
    Session Time: 2529798874
    Password: 1111
Payload:
    cmdNumber : 7
-------------------------------------------------------------

****************************************
{'bytes': '24c4 0014 96c9 aada 0457 0000 0000 0007 fbbe 0d0a',
 'header': {'cmdByte': 196,
            'packetLength': 20,
            'password': 1111,
            'sessionTime': 2529798874,
            'startByte': 36},
 'payload': {'cmdNumber': 7}}
****************************************
--------------------------------------------------
--------------------------------------------------
len: 4
header: 24c4 0014
('message length: ', 20)
received: 24c4 0014 96c9 aada 0457 0000 0000 0008 fbbd 0d0a
-------------------------------------------------------------
Bytes: 24c4 0014 96c9 aada 0457 0000 0000 0008 fbbd 0d0a
Mode:  Command
Type:  Pre Print
Valid: True
Header:
    Start Byte: 36
    Command: 196
    Packet Length: 20
    Session Time: 2529798874
    Password: 1111
Payload:
    cmdNumber : 8
-------------------------------------------------------------

****************************************
{'bytes': '24c4 0014 96c9 aada 0457 0000 0000 0008 fbbd 0d0a',
 'header': {'cmdByte': 196,
            'packetLength': 20,
            'password': 1111,
            'sessionTime': 2529798874,
            'startByte': 36},
 'payload': {'cmdNumber': 8}}
****************************************
--------------------------------------------------
No data, closing client
--------------------------------------------------
len: 4
header: 24c2 0010
('message length: ', 16)
received: 24c2 0010 96c9 aada 0457 0000 fbcb 0d0a
-------------------------------------------------------------
Bytes: 24c2 0010 96c9 aada 0457 0000 fbcb 0d0a
Mode:  Command
Type:  Model Name
Valid: True
Header:
    Start Byte: 36
    Command: 194
    Packet Length: 16
    Session Time: 2529798874
    Password: 1111
Payload: None
-------------------------------------------------------------

****************************************
{'bytes': '24c2 0010 96c9 aada 0457 0000 fbcb 0d0a',
 'header': {'cmdByte': 194,
            'packetLength': 16,
            'password': 1111,
            'sessionTime': 2529798874,
            'startByte': 36},
 'payload': {}}
****************************************
--------------------------------------------------
--------------------------------------------------
len: 4
header: 24c0 0010
('message length: ', 16)
received: 24c0 0010 96c9 aada 0457 0000 fbcd 0d0a
-------------------------------------------------------------
Bytes: 24c0 0010 96c9 aada 0457 0000 fbcd 0d0a
Mode:  Command
Type:  Version
Valid: True
Header:
    Start Byte: 36
    Command: 192
    Packet Length: 16
    Session Time: 2529798874
    Password: 1111
Payload: None
-------------------------------------------------------------

****************************************
{'bytes': '24c0 0010 96c9 aada 0457 0000 fbcd 0d0a',
 'header': {'cmdByte': 192,
            'packetLength': 16,
            'password': 1111,
            'sessionTime': 2529798874,
            'startByte': 36},
 'payload': {}}
****************************************
--------------------------------------------------
--------------------------------------------------
len: 4
header: 24c1 0010
('message length: ', 16)
received: 24c1 0010 96c9 aada 0457 0000 fbcc 0d0a
-------------------------------------------------------------
Bytes: 24c1 0010 96c9 aada 0457 0000 fbcc 0d0a
Mode:  Command
Type:  Print Count
Valid: True
Header:
    Start Byte: 36
    Command: 193
    Packet Length: 16
    Session Time: 2529798874
    Password: 1111
Payload: None
-------------------------------------------------------------

****************************************
{'bytes': '24c1 0010 96c9 aada 0457 0000 fbcc 0d0a',
 'header': {'cmdByte': 193,
            'packetLength': 16,
            'password': 1111,
            'sessionTime': 2529798874,
            'startByte': 36},
 'payload': {}}
****************************************
--------------------------------------------------
--------------------------------------------------
len: 4
header: 244f 0010
('message length: ', 16)
received: 244f 0010 96c9 aada 0457 0000 fc3e 0d0a
-------------------------------------------------------------
Bytes: 244f 0010 96c9 aada 0457 0000 fc3e 0d0a
Mode:  Command
Type:  Specifications
Valid: True
Header:
    Start Byte: 36
    Command: 79
    Packet Length: 16
    Session Time: 2529798874
    Password: 1111
Payload: None
-------------------------------------------------------------

****************************************
{'bytes': '244f 0010 96c9 aada 0457 0000 fc3e 0d0a',
 'header': {'cmdByte': 79,
            'packetLength': 16,
            'password': 1111,
            'sessionTime': 2529798874,
            'startByte': 36},
 'payload': {}}
****************************************
--------------------------------------------------
No data, closing client
--------------------------------------------------
len: 4
header: 24b3 0014
('message length: ', 20)
received: 24b3 0014 96c9 aada 0457 0000 0100 0000 fbd5 0d0a
-------------------------------------------------------------
Bytes: 24b3 0014 96c9 aada 0457 0000 0100 0000 fbd5 0d0a
Mode:  Command
Type:  LockPrinter
Valid: True
Header:
    Start Byte: 36
    Command: 179
    Packet Length: 20
    Session Time: 2529798874
    Password: 1111
Payload:
    lockState : 1
-------------------------------------------------------------

****************************************
{'bytes': '24b3 0014 96c9 aada 0457 0000 0100 0000 fbd5 0d0a',
 'header': {'cmdByte': 179,
            'packetLength': 20,
            'password': 1111,
            'sessionTime': 2529798874,
            'startByte': 36},
 'payload': {'lockState': 1}}
****************************************
--------------------------------------------------
No data, closing client
--------------------------------------------------
len: 4
header: 24c2 0010
('message length: ', 16)
received: 24c2 0010 96c9 aada 0457 0000 fbcb 0d0a
-------------------------------------------------------------
Bytes: 24c2 0010 96c9 aada 0457 0000 fbcb 0d0a
Mode:  Command
Type:  Model Name
Valid: True
Header:
    Start Byte: 36
    Command: 194
    Packet Length: 16
    Session Time: 2529798874
    Password: 1111
Payload: None
-------------------------------------------------------------

****************************************
{'bytes': '24c2 0010 96c9 aada 0457 0000 fbcb 0d0a',
 'header': {'cmdByte': 194,
            'packetLength': 16,
            'password': 1111,
            'sessionTime': 2529798874,
            'startByte': 36},
 'payload': {}}
****************************************
--------------------------------------------------
No data, closing client
--------------------------------------------------
len: 4
header: 24c1 0010
('message length: ', 16)
received: 24c1 0010 96c9 aada 0457 0000 fbcc 0d0a
-------------------------------------------------------------
Bytes: 24c1 0010 96c9 aada 0457 0000 fbcc 0d0a
Mode:  Command
Type:  Print Count
Valid: True
Header:
    Start Byte: 36
    Command: 193
    Packet Length: 16
    Session Time: 2529798874
    Password: 1111
Payload: None
-------------------------------------------------------------

****************************************
{'bytes': '24c1 0010 96c9 aada 0457 0000 fbcc 0d0a',
 'header': {'cmdByte': 193,
            'packetLength': 16,
            'password': 1111,
            'sessionTime': 2529798874,
            'startByte': 36},
 'payload': {}}
****************************************
--------------------------------------------------
--------------------------------------------------
len: 4
header: 244f 0010
('message length: ', 16)
received: 244f 0010 96c9 aada 0457 0000 fc3e 0d0a
-------------------------------------------------------------
Bytes: 244f 0010 96c9 aada 0457 0000 fc3e 0d0a
Mode:  Command
Type:  Specifications
Valid: True
Header:
    Start Byte: 36
    Command: 79
    Packet Length: 16
    Session Time: 2529798874
    Password: 1111
Payload: None
-------------------------------------------------------------

****************************************
{'bytes': '244f 0010 96c9 aada 0457 0000 fc3e 0d0a',
 'header': {'cmdByte': 79,
            'packetLength': 16,
            'password': 1111,
            'sessionTime': 2529798874,
            'startByte': 36},
 'payload': {}}
****************************************
--------------------------------------------------
--------------------------------------------------
len: 4
header: 2450 0010
('message length: ', 16)
received: 2450 0010 96c9 aada 0457 0000 fc3d 0d0a
-------------------------------------------------------------
Bytes: 2450 0010 96c9 aada 0457 0000 fc3d 0d0a
Traceback (most recent call last):
  File "testServer.py", line 65, in <module>
    testServer.start()
  File "/home/pi/instax_api/instax/testServer.py", line 53, in start
    response = self.processIncomingMessage(payload)
  File "/home/pi/instax_api/instax/testServer.py", line 70, in processIncomingMessage
    decodedPacket.printDebug()
  File "/home/pi/instax_api/instax/packet.py", line 127, in printDebug
    print("Mode:  %s" % (self.strings[self.mode]))
AttributeError: 'ResetCommand' object has no attribute 'mode'